#
# There is insufficient memory for the Java Runtime Environment to continue.
# Native memory allocation (mmap) failed to map 65536 bytes. Error detail: Failed to commit metaspace.
# Possible reasons:
#   The system is out of physical RAM or swap space
#   This process is running with CompressedOops enabled, and the Java Heap may be blocking the growth of the native heap
# Possible solutions:
#   Reduce memory load on the system
#   Increase physical memory or swap space
#   Check if swap backing store is full
#   Decrease Java heap size (-Xmx/-Xms)
#   Decrease number of Java threads
#   Decrease Java thread stack sizes (-Xss)
#   Set larger code cache with -XX:ReservedCodeCacheSize=
#   JVM is running with Zero Based Compressed Oops mode in which the Java heap is
#     placed in the first 32GB address space. The Java Heap base address is the
#     maximum limit for the native heap growth. Please use -XX:HeapBaseMinAddress
#     to set the Java Heap base and to place the Java Heap above 32GB virtual address.
# This output file may be truncated or incomplete.
#
#  Out of Memory Error (virtualSpaceNode.cpp:110), pid=10912, tid=19996
#
# JRE version: OpenJDK Runtime Environment (17.0.11) (build 17.0.11+0--11852314)
# Java VM: OpenJDK 64-Bit Server VM (17.0.11+0--11852314, mixed mode, tiered, compressed oops, compressed class ptrs, g1 gc, windows-amd64)
# No core dump will be written. Minidumps are not enabled by default on client versions of Windows
#

---------------  S U M M A R Y ------------

Command Line: git4idea.http.GitAskPassApp Username for 'https://github.com': 

Host: AMD Ryzen 5 4600H with Radeon Graphics         , 12 cores, 23G,  Windows 11 , 64 bit Build 22621 (10.0.22621.3958)
Time: Tue Sep  3 17:09:23 2024 India Standard Time elapsed time: 0.303073 seconds (0d 0h 0m 0s)

---------------  T H R E A D  ---------------

Current thread (0x00000166f18fb200):  JavaThread "main" [_thread_in_vm, id=19996, stack(0x0000005f9e200000,0x0000005f9e300000)]

Stack: [0x0000005f9e200000,0x0000005f9e300000]
Native frames: (J=compiled Java code, j=interpreted, Vv=VM code, C=native code)
V  [jvm.dll+0x687bb9]
V  [jvm.dll+0x84142a]
V  [jvm.dll+0x8430ae]
V  [jvm.dll+0x843713]
V  [jvm.dll+0x24a35f]
V  [jvm.dll+0x83c2bb]
V  [jvm.dll+0x62c046]
V  [jvm.dll+0x1c2bde]
V  [jvm.dll+0x62e9a1]
V  [jvm.dll+0x62c9e6]
V  [jvm.dll+0x23f400]
V  [jvm.dll+0x1ed94b]
V  [jvm.dll+0x1e328c]
V  [jvm.dll+0x54c5bc]
V  [jvm.dll+0x7ba5e5]
V  [jvm.dll+0x7ba6fe]
V  [jvm.dll+0x41465a]
V  [jvm.dll+0x41a7e9]
C  [java.dll+0x17ec]

Java frames: (J=compiled Java code, j=interpreted, Vv=VM code)
j  java.lang.ClassLoader.defineClass1(Ljava/lang/ClassLoader;Ljava/lang/String;[BIILjava/security/ProtectionDomain;Ljava/lang/String;)Ljava/lang/Class;+0 java.base@17.0.11
j  java.lang.ClassLoader.defineClass(Ljava/lang/String;[BIILjava/security/ProtectionDomain;)Ljava/lang/Class;+27 java.base@17.0.11
j  java.lang.ClassLoader.defineClass(Ljava/lang/String;Ljava/nio/ByteBuffer;Ljava/security/ProtectionDomain;)Ljava/lang/Class;+38 java.base@17.0.11
j  java.security.SecureClassLoader.defineClass(Ljava/lang/String;Ljava/nio/ByteBuffer;Ljava/security/CodeSource;)Ljava/lang/Class;+8 java.base@17.0.11
j  jdk.internal.loader.BuiltinClassLoader.defineClass(Ljava/lang/String;Ljdk/internal/loader/BuiltinClassLoader$LoadedModule;)Ljava/lang/Class;+127 java.base@17.0.11
j  jdk.internal.loader.BuiltinClassLoader.findClassInModuleOrNull(Ljdk/internal/loader/BuiltinClassLoader$LoadedModule;Ljava/lang/String;)Ljava/lang/Class;+9 java.base@17.0.11
j  jdk.internal.loader.BuiltinClassLoader.loadClassOrNull(Ljava/lang/String;Z)Ljava/lang/Class;+55 java.base@17.0.11
j  jdk.internal.loader.BuiltinClassLoader.loadClass(Ljava/lang/String;Z)Ljava/lang/Class;+3 java.base@17.0.11
j  java.lang.ClassLoader.loadClass(Ljava/lang/String;)Ljava/lang/Class;+3 java.base@17.0.11
v  ~StubRoutines::call_stub
j  jdk.internal.net.http.HttpClientImpl.<init>(Ljdk/internal/net/http/HttpClientBuilderImpl;Ljdk/internal/net/http/HttpClientImpl$SingleFacadeFactory;)V+469 java.net.http@17.0.11
j  jdk.internal.net.http.HttpClientImpl.create(Ljdk/internal/net/http/HttpClientBuilderImpl;)Ljdk/internal/net/http/HttpClientFacade;+14 java.net.http@17.0.11
j  jdk.internal.net.http.HttpClientBuilderImpl.build()Ljava/net/http/HttpClient;+1 java.net.http@17.0.11
j  externalApp.ExternalAppUtil.sendIdeRequest(Ljava/lang/String;ILjava/lang/String;Ljava/lang/String;)LexternalApp/ExternalAppUtil$Result;+77
j  git4idea.http.GitAskPassApp.main([Ljava/lang/String;)V+37
v  ~StubRoutines::call_stub

---------------  P R O C E S S  ---------------

Threads class SMR info:
_java_thread_list=0x00000166991fc370, length=12, elements={
0x00000166f18fb200, 0x000001669906ba60, 0x000001669906c8e0, 0x00000166990ae410,
0x00000166990b14a0, 0x00000166990b2fd0, 0x00000166990b3990, 0x00000166990b4730,
0x00000166990b51e0, 0x00000166990b5be0, 0x000001669922e650, 0x0000016699237a40
}

Java Threads: ( => current thread )
=>0x00000166f18fb200 JavaThread "main" [_thread_in_vm, id=19996, stack(0x0000005f9e200000,0x0000005f9e300000)]
  0x000001669906ba60 JavaThread "Reference Handler" daemon [_thread_blocked, id=6268, stack(0x0000005f9e900000,0x0000005f9ea00000)]
  0x000001669906c8e0 JavaThread "Finalizer" daemon [_thread_blocked, id=12072, stack(0x0000005f9ea00000,0x0000005f9eb00000)]
  0x00000166990ae410 JavaThread "Signal Dispatcher" daemon [_thread_blocked, id=2976, stack(0x0000005f9eb00000,0x0000005f9ec00000)]
  0x00000166990b14a0 JavaThread "Attach Listener" daemon [_thread_blocked, id=6816, stack(0x0000005f9ec00000,0x0000005f9ed00000)]
  0x00000166990b2fd0 JavaThread "Service Thread" daemon [_thread_blocked, id=18004, stack(0x0000005f9ed00000,0x0000005f9ee00000)]
  0x00000166990b3990 JavaThread "Monitor Deflation Thread" daemon [_thread_blocked, id=3648, stack(0x0000005f9ee00000,0x0000005f9ef00000)]
  0x00000166990b4730 JavaThread "C2 CompilerThread0" daemon [_thread_blocked, id=5636, stack(0x0000005f9ef00000,0x0000005f9f000000)]
  0x00000166990b51e0 JavaThread "C1 CompilerThread0" daemon [_thread_blocked, id=19928, stack(0x0000005f9f000000,0x0000005f9f100000)]
  0x00000166990b5be0 JavaThread "Sweeper thread" daemon [_thread_blocked, id=14704, stack(0x0000005f9f100000,0x0000005f9f200000)]
  0x000001669922e650 JavaThread "Notification Thread" daemon [_thread_blocked, id=18832, stack(0x0000005f9f200000,0x0000005f9f300000)]
  0x0000016699237a40 JavaThread "Common-Cleaner" daemon [_thread_blocked, id=20304, stack(0x0000005f9f400000,0x0000005f9f500000)]

Other Threads:
  0x0000016699049e10 VMThread "VM Thread" [stack: 0x0000005f9e800000,0x0000005f9e900000] [id=12784]
  0x0000016699230b40 WatcherThread [stack: 0x0000005f9f300000,0x0000005f9f400000] [id=14132]
  0x00000166f19830f0 GCTaskThread "GC Thread#0" [stack: 0x0000005f9e300000,0x0000005f9e400000] [id=5584]
  0x00000166f198fb40 ConcurrentGCThread "G1 Main Marker" [stack: 0x0000005f9e400000,0x0000005f9e500000] [id=4792]
  0x00000166f1990560 ConcurrentGCThread "G1 Conc#0" [stack: 0x0000005f9e500000,0x0000005f9e600000] [id=20476]
  0x00000166f19aec50 ConcurrentGCThread "G1 Refine#0" [stack: 0x0000005f9e600000,0x0000005f9e700000] [id=10492]
  0x00000166ffbf01b0 ConcurrentGCThread "G1 Service" [stack: 0x0000005f9e700000,0x0000005f9e800000] [id=9628]

Threads with active compile tasks:

VM state: not at safepoint (normal execution)

VM Mutex/Monitor currently owned by a thread:  ([mutex/lock_event])
[0x00000166f18f7750] Metaspace_lock - owner thread: 0x00000166f18fb200

Heap address: 0x000000068a000000, size: 5984 MB, Compressed Oops mode: Zero based, Oop shift amount: 3

CDS archive(s) not mapped
Compressed class space mapped at: 0x0000000800000000-0x0000000840000000, reserved size: 1073741824
Narrow klass base: 0x0000000800000000, Narrow klass shift: 0, Narrow klass range: 0x40000000

GC Precious Log:
 CPUs: 12 total, 12 available
 Memory: 23933M
 Large Page Support: Disabled
 NUMA Support: Disabled
 Compressed Oops: Enabled (Zero based)
 Heap Region Size: 4M
 Heap Min Capacity: 8M
 Heap Initial Capacity: 376M
 Heap Max Capacity: 5984M
 Pre-touch: Disabled
 Parallel Workers: 10
 Concurrent Workers: 3
 Concurrent Refinement Workers: 10
 Periodic GC: Disabled

Heap:
 garbage-first heap   total 385024K, used 4096K [0x000000068a000000, 0x0000000800000000)
  region size 4096K, 2 young (8192K), 0 survivors (0K)
 Metaspace       used 12257K, committed 12416K, reserved 1114112K
  class space    used 1200K, committed 1280K, reserved 1048576K

Heap Regions: E=young(eden), S=young(survivor), O=old, HS=humongous(starts), HC=humongous(continues), CS=collection set, F=free, OA=open archive, CA=closed archive, TAMS=top-at-mark-start (previous, next)
|   0|0x000000068a000000, 0x000000068a000000, 0x000000068a400000|  0%| F|  |TAMS 0x000000068a000000, 0x000000068a000000| Untracked 
|   1|0x000000068a400000, 0x000000068a400000, 0x000000068a800000|  0%| F|  |TAMS 0x000000068a400000, 0x000000068a400000| Untracked 
|   2|0x000000068a800000, 0x000000068a800000, 0x000000068ac00000|  0%| F|  |TAMS 0x000000068a800000, 0x000000068a800000| Untracked 
|   3|0x000000068ac00000, 0x000000068ac00000, 0x000000068b000000|  0%| F|  |TAMS 0x000000068ac00000, 0x000000068ac00000| Untracked 
|   4|0x000000068b000000, 0x000000068b000000, 0x000000068b400000|  0%| F|  |TAMS 0x000000068b000000, 0x000000068b000000| Untracked 
|   5|0x000000068b400000, 0x000000068b400000, 0x000000068b800000|  0%| F|  |TAMS 0x000000068b400000, 0x000000068b400000| Untracked 
|   6|0x000000068b800000, 0x000000068b800000, 0x000000068bc00000|  0%| F|  |TAMS 0x000000068b800000, 0x000000068b800000| Untracked 
|   7|0x000000068bc00000, 0x000000068bc00000, 0x000000068c000000|  0%| F|  |TAMS 0x000000068bc00000, 0x000000068bc00000| Untracked 
|   8|0x000000068c000000, 0x000000068c000000, 0x000000068c400000|  0%| F|  |TAMS 0x000000068c000000, 0x000000068c000000| Untracked 
|   9|0x000000068c400000, 0x000000068c400000, 0x000000068c800000|  0%| F|  |TAMS 0x000000068c400000, 0x000000068c400000| Untracked 
|  10|0x000000068c800000, 0x000000068c800000, 0x000000068cc00000|  0%| F|  |TAMS 0x000000068c800000, 0x000000068c800000| Untracked 
|  11|0x000000068cc00000, 0x000000068cc00000, 0x000000068d000000|  0%| F|  |TAMS 0x000000068cc00000, 0x000000068cc00000| Untracked 
|  12|0x000000068d000000, 0x000000068d000000, 0x000000068d400000|  0%| F|  |TAMS 0x000000068d000000, 0x000000068d000000| Untracked 
|  13|0x000000068d400000, 0x000000068d400000, 0x000000068d800000|  0%| F|  |TAMS 0x000000068d400000, 0x000000068d400000| Untracked 
|  14|0x000000068d800000, 0x000000068d800000, 0x000000068dc00000|  0%| F|  |TAMS 0x000000068d800000, 0x000000068d800000| Untracked 
|  15|0x000000068dc00000, 0x000000068dc00000, 0x000000068e000000|  0%| F|  |TAMS 0x000000068dc00000, 0x000000068dc00000| Untracked 
|  16|0x000000068e000000, 0x000000068e000000, 0x000000068e400000|  0%| F|  |TAMS 0x000000068e000000, 0x000000068e000000| Untracked 
|  17|0x000000068e400000, 0x000000068e400000, 0x000000068e800000|  0%| F|  |TAMS 0x000000068e400000, 0x000000068e400000| Untracked 
|  18|0x000000068e800000, 0x000000068e800000, 0x000000068ec00000|  0%| F|  |TAMS 0x000000068e800000, 0x000000068e800000| Untracked 
|  19|0x000000068ec00000, 0x000000068ec00000, 0x000000068f000000|  0%| F|  |TAMS 0x000000068ec00000, 0x000000068ec00000| Untracked 
|  20|0x000000068f000000, 0x000000068f000000, 0x000000068f400000|  0%| F|  |TAMS 0x000000068f000000, 0x000000068f000000| Untracked 
|  21|0x000000068f400000, 0x000000068f400000, 0x000000068f800000|  0%| F|  |TAMS 0x000000068f400000, 0x000000068f400000| Untracked 
|  22|0x000000068f800000, 0x000000068f800000, 0x000000068fc00000|  0%| F|  |TAMS 0x000000068f800000, 0x000000068f800000| Untracked 
|  23|0x000000068fc00000, 0x000000068fc00000, 0x0000000690000000|  0%| F|  |TAMS 0x000000068fc00000, 0x000000068fc00000| Untracked 
|  24|0x0000000690000000, 0x0000000690000000, 0x0000000690400000|  0%| F|  |TAMS 0x0000000690000000, 0x0000000690000000| Untracked 
|  25|0x0000000690400000, 0x0000000690400000, 0x0000000690800000|  0%| F|  |TAMS 0x0000000690400000, 0x0000000690400000| Untracked 
|  26|0x0000000690800000, 0x0000000690800000, 0x0000000690c00000|  0%| F|  |TAMS 0x0000000690800000, 0x0000000690800000| Untracked 
|  27|0x0000000690c00000, 0x0000000690c00000, 0x0000000691000000|  0%| F|  |TAMS 0x0000000690c00000, 0x0000000690c00000| Untracked 
|  28|0x0000000691000000, 0x0000000691000000, 0x0000000691400000|  0%| F|  |TAMS 0x0000000691000000, 0x0000000691000000| Untracked 
|  29|0x0000000691400000, 0x0000000691400000, 0x0000000691800000|  0%| F|  |TAMS 0x0000000691400000, 0x0000000691400000| Untracked 
|  30|0x0000000691800000, 0x0000000691800000, 0x0000000691c00000|  0%| F|  |TAMS 0x0000000691800000, 0x0000000691800000| Untracked 
|  31|0x0000000691c00000, 0x0000000691c00000, 0x0000000692000000|  0%| F|  |TAMS 0x0000000691c00000, 0x0000000691c00000| Untracked 
|  32|0x0000000692000000, 0x0000000692000000, 0x0000000692400000|  0%| F|  |TAMS 0x0000000692000000, 0x0000000692000000| Untracked 
|  33|0x0000000692400000, 0x0000000692400000, 0x0000000692800000|  0%| F|  |TAMS 0x0000000692400000, 0x0000000692400000| Untracked 
|  34|0x0000000692800000, 0x0000000692800000, 0x0000000692c00000|  0%| F|  |TAMS 0x0000000692800000, 0x0000000692800000| Untracked 
|  35|0x0000000692c00000, 0x0000000692c00000, 0x0000000693000000|  0%| F|  |TAMS 0x0000000692c00000, 0x0000000692c00000| Untracked 
|  36|0x0000000693000000, 0x0000000693000000, 0x0000000693400000|  0%| F|  |TAMS 0x0000000693000000, 0x0000000693000000| Untracked 
|  37|0x0000000693400000, 0x0000000693400000, 0x0000000693800000|  0%| F|  |TAMS 0x0000000693400000, 0x0000000693400000| Untracked 
|  38|0x0000000693800000, 0x0000000693800000, 0x0000000693c00000|  0%| F|  |TAMS 0x0000000693800000, 0x0000000693800000| Untracked 
|  39|0x0000000693c00000, 0x0000000693c00000, 0x0000000694000000|  0%| F|  |TAMS 0x0000000693c00000, 0x0000000693c00000| Untracked 
|  40|0x0000000694000000, 0x0000000694000000, 0x0000000694400000|  0%| F|  |TAMS 0x0000000694000000, 0x0000000694000000| Untracked 
|  41|0x0000000694400000, 0x0000000694400000, 0x0000000694800000|  0%| F|  |TAMS 0x0000000694400000, 0x0000000694400000| Untracked 
|  42|0x0000000694800000, 0x0000000694800000, 0x0000000694c00000|  0%| F|  |TAMS 0x0000000694800000, 0x0000000694800000| Untracked 
|  43|0x0000000694c00000, 0x0000000694c00000, 0x0000000695000000|  0%| F|  |TAMS 0x0000000694c00000, 0x0000000694c00000| Untracked 
|  44|0x0000000695000000, 0x0000000695000000, 0x0000000695400000|  0%| F|  |TAMS 0x0000000695000000, 0x0000000695000000| Untracked 
|  45|0x0000000695400000, 0x0000000695400000, 0x0000000695800000|  0%| F|  |TAMS 0x0000000695400000, 0x0000000695400000| Untracked 
|  46|0x0000000695800000, 0x0000000695800000, 0x0000000695c00000|  0%| F|  |TAMS 0x0000000695800000, 0x0000000695800000| Untracked 
|  47|0x0000000695c00000, 0x0000000695c00000, 0x0000000696000000|  0%| F|  |TAMS 0x0000000695c00000, 0x0000000695c00000| Untracked 
|  48|0x0000000696000000, 0x0000000696000000, 0x0000000696400000|  0%| F|  |TAMS 0x0000000696000000, 0x0000000696000000| Untracked 
|  49|0x0000000696400000, 0x0000000696400000, 0x0000000696800000|  0%| F|  |TAMS 0x0000000696400000, 0x0000000696400000| Untracked 
|  50|0x0000000696800000, 0x0000000696800000, 0x0000000696c00000|  0%| F|  |TAMS 0x0000000696800000, 0x0000000696800000| Untracked 
|  51|0x0000000696c00000, 0x0000000696c00000, 0x0000000697000000|  0%| F|  |TAMS 0x0000000696c00000, 0x0000000696c00000| Untracked 
|  52|0x0000000697000000, 0x0000000697000000, 0x0000000697400000|  0%| F|  |TAMS 0x0000000697000000, 0x0000000697000000| Untracked 
|  53|0x0000000697400000, 0x0000000697400000, 0x0000000697800000|  0%| F|  |TAMS 0x0000000697400000, 0x0000000697400000| Untracked 
|  54|0x0000000697800000, 0x0000000697800000, 0x0000000697c00000|  0%| F|  |TAMS 0x0000000697800000, 0x0000000697800000| Untracked 
|  55|0x0000000697c00000, 0x0000000697c00000, 0x0000000698000000|  0%| F|  |TAMS 0x0000000697c00000, 0x0000000697c00000| Untracked 
|  56|0x0000000698000000, 0x0000000698000000, 0x0000000698400000|  0%| F|  |TAMS 0x0000000698000000, 0x0000000698000000| Untracked 
|  57|0x0000000698400000, 0x0000000698400000, 0x0000000698800000|  0%| F|  |TAMS 0x0000000698400000, 0x0000000698400000| Untracked 
|  58|0x0000000698800000, 0x0000000698800000, 0x0000000698c00000|  0%| F|  |TAMS 0x0000000698800000, 0x0000000698800000| Untracked 
|  59|0x0000000698c00000, 0x0000000698c00000, 0x0000000699000000|  0%| F|  |TAMS 0x0000000698c00000, 0x0000000698c00000| Untracked 
|  60|0x0000000699000000, 0x0000000699000000, 0x0000000699400000|  0%| F|  |TAMS 0x0000000699000000, 0x0000000699000000| Untracked 
|  61|0x0000000699400000, 0x0000000699400000, 0x0000000699800000|  0%| F|  |TAMS 0x0000000699400000, 0x0000000699400000| Untracked 
|  62|0x0000000699800000, 0x0000000699800000, 0x0000000699c00000|  0%| F|  |TAMS 0x0000000699800000, 0x0000000699800000| Untracked 
|  63|0x0000000699c00000, 0x0000000699c00000, 0x000000069a000000|  0%| F|  |TAMS 0x0000000699c00000, 0x0000000699c00000| Untracked 
|  64|0x000000069a000000, 0x000000069a000000, 0x000000069a400000|  0%| F|  |TAMS 0x000000069a000000, 0x000000069a000000| Untracked 
|  65|0x000000069a400000, 0x000000069a400000, 0x000000069a800000|  0%| F|  |TAMS 0x000000069a400000, 0x000000069a400000| Untracked 
|  66|0x000000069a800000, 0x000000069a800000, 0x000000069ac00000|  0%| F|  |TAMS 0x000000069a800000, 0x000000069a800000| Untracked 
|  67|0x000000069ac00000, 0x000000069ac00000, 0x000000069b000000|  0%| F|  |TAMS 0x000000069ac00000, 0x000000069ac00000| Untracked 
|  68|0x000000069b000000, 0x000000069b000000, 0x000000069b400000|  0%| F|  |TAMS 0x000000069b000000, 0x000000069b000000| Untracked 
|  69|0x000000069b400000, 0x000000069b400000, 0x000000069b800000|  0%| F|  |TAMS 0x000000069b400000, 0x000000069b400000| Untracked 
|  70|0x000000069b800000, 0x000000069b800000, 0x000000069bc00000|  0%| F|  |TAMS 0x000000069b800000, 0x000000069b800000| Untracked 
|  71|0x000000069bc00000, 0x000000069bc00000, 0x000000069c000000|  0%| F|  |TAMS 0x000000069bc00000, 0x000000069bc00000| Untracked 
|  72|0x000000069c000000, 0x000000069c000000, 0x000000069c400000|  0%| F|  |TAMS 0x000000069c000000, 0x000000069c000000| Untracked 
|  73|0x000000069c400000, 0x000000069c400000, 0x000000069c800000|  0%| F|  |TAMS 0x000000069c400000, 0x000000069c400000| Untracked 
|  74|0x000000069c800000, 0x000000069c800000, 0x000000069cc00000|  0%| F|  |TAMS 0x000000069c800000, 0x000000069c800000| Untracked 
|  75|0x000000069cc00000, 0x000000069cc00000, 0x000000069d000000|  0%| F|  |TAMS 0x000000069cc00000, 0x000000069cc00000| Untracked 
|  76|0x000000069d000000, 0x000000069d000000, 0x000000069d400000|  0%| F|  |TAMS 0x000000069d000000, 0x000000069d000000| Untracked 
|  77|0x000000069d400000, 0x000000069d400000, 0x000000069d800000|  0%| F|  |TAMS 0x000000069d400000, 0x000000069d400000| Untracked 
|  78|0x000000069d800000, 0x000000069d800000, 0x000000069dc00000|  0%| F|  |TAMS 0x000000069d800000, 0x000000069d800000| Untracked 
|  79|0x000000069dc00000, 0x000000069dc00000, 0x000000069e000000|  0%| F|  |TAMS 0x000000069dc00000, 0x000000069dc00000| Untracked 
|  80|0x000000069e000000, 0x000000069e000000, 0x000000069e400000|  0%| F|  |TAMS 0x000000069e000000, 0x000000069e000000| Untracked 
|  81|0x000000069e400000, 0x000000069e400000, 0x000000069e800000|  0%| F|  |TAMS 0x000000069e400000, 0x000000069e400000| Untracked 
|  82|0x000000069e800000, 0x000000069e800000, 0x000000069ec00000|  0%| F|  |TAMS 0x000000069e800000, 0x000000069e800000| Untracked 
|  83|0x000000069ec00000, 0x000000069ec00000, 0x000000069f000000|  0%| F|  |TAMS 0x000000069ec00000, 0x000000069ec00000| Untracked 
|  84|0x000000069f000000, 0x000000069f000000, 0x000000069f400000|  0%| F|  |TAMS 0x000000069f000000, 0x000000069f000000| Untracked 
|  85|0x000000069f400000, 0x000000069f400000, 0x000000069f800000|  0%| F|  |TAMS 0x000000069f400000, 0x000000069f400000| Untracked 
|  86|0x000000069f800000, 0x000000069f800000, 0x000000069fc00000|  0%| F|  |TAMS 0x000000069f800000, 0x000000069f800000| Untracked 
|  87|0x000000069fc00000, 0x000000069fc00000, 0x00000006a0000000|  0%| F|  |TAMS 0x000000069fc00000, 0x000000069fc00000| Untracked 
|  88|0x00000006a0000000, 0x00000006a0000000, 0x00000006a0400000|  0%| F|  |TAMS 0x00000006a0000000, 0x00000006a0000000| Untracked 
|  89|0x00000006a0400000, 0x00000006a0400000, 0x00000006a0800000|  0%| F|  |TAMS 0x00000006a0400000, 0x00000006a0400000| Untracked 
|  90|0x00000006a0800000, 0x00000006a0800000, 0x00000006a0c00000|  0%| F|  |TAMS 0x00000006a0800000, 0x00000006a0800000| Untracked 
|  91|0x00000006a0c00000, 0x00000006a0c00000, 0x00000006a1000000|  0%| F|  |TAMS 0x00000006a0c00000, 0x00000006a0c00000| Untracked 
|  92|0x00000006a1000000, 0x00000006a12e83e8, 0x00000006a1400000| 72%| E|  |TAMS 0x00000006a1000000, 0x00000006a1000000| Complete 
|  93|0x00000006a1400000, 0x00000006a1800000, 0x00000006a1800000|100%| E|CS|TAMS 0x00000006a1400000, 0x00000006a1400000| Complete 

Card table byte_map: [0x00000166f5ee0000,0x00000166f6a90000] _byte_map_base: 0x00000166f2a90000

Marking Bits (Prev, Next): (CMBitMap*) 0x00000166f1983710, (CMBitMap*) 0x00000166f1983750
 Prev Bits: [0x00000166f7640000, 0x00000166fd3c0000)
 Next Bits: [0x000001668f000000, 0x0000016694d80000)

Polling page: 0x00000166ef8b0000

Metaspace:

Usage:
  Non-class:     10.80 MB used.
      Class:      1.17 MB used.
       Both:     11.97 MB used.

Virtual space:
  Non-class space:       64.00 MB reserved,      10.88 MB ( 17%) committed,  1 nodes.
      Class space:        1.00 GB reserved,       1.25 MB ( <1%) committed,  1 nodes.
             Both:        1.06 GB reserved,      12.12 MB (  1%) committed. 

Chunk freelists:
   Non-Class:  4.87 MB
       Class:  14.70 MB
        Both:  19.57 MB

MaxMetaspaceSize: unlimited
CompressedClassSpaceSize: 1.00 GB
Initial GC threshold: 21.00 MB
Current GC threshold: 21.00 MB
CDS: off
MetaspaceReclaimPolicy: balanced
 - commit_granule_bytes: 65536.
 - commit_granule_words: 8192.
 - virtual_space_node_default_size: 8388608.
 - enlarge_chunks_in_place: 1.
 - new_chunks_are_fully_committed: 0.
 - uncommit_free_chunks: 1.
 - use_allocation_guard: 0.
 - handle_deallocations: 1.


Internal statistics:

num_allocs_failed_limit: 0.
num_arena_births: 58.
num_arena_deaths: 0.
num_vsnodes_births: 2.
num_vsnodes_deaths: 0.
num_space_committed: 194.
num_space_uncommitted: 0.
num_chunks_returned_to_freelist: 0.
num_chunks_taken_from_freelist: 123.
num_chunk_merges: 0.
num_chunk_splits: 67.
num_chunks_enlarged: 38.
num_inconsistent_stats: 0.

CodeHeap 'non-profiled nmethods': size=120000Kb used=175Kb max_used=175Kb free=119824Kb
 bounds [0x0000016687ad0000, 0x0000016687d40000, 0x000001668f000000]
CodeHeap 'profiled nmethods': size=120000Kb used=890Kb max_used=890Kb free=119109Kb
 bounds [0x0000016680000000, 0x0000016680270000, 0x0000016687530000]
CodeHeap 'non-nmethods': size=5760Kb used=1164Kb max_used=1179Kb free=4595Kb
 bounds [0x0000016687530000, 0x00000166877a0000, 0x0000016687ad0000]
 total_blobs=1065 nmethods=610 adapters=368
 compilation: enabled
              stopped_count=0, restarted_count=0
 full_count=0

Compilation events (20 events):
Event: 0.299 Thread 0x00000166990b51e0  601       3       sun.security.util.ObjectIdentifier::pack (220 bytes)
Event: 0.299 Thread 0x00000166990b51e0 nmethod 601 0x00000166800da690 code [0x00000166800da860, 0x00000166800daec8]
Event: 0.299 Thread 0x00000166990b51e0  602       3       sun.security.util.ObjectIdentifier::pack7Oid (84 bytes)
Event: 0.300 Thread 0x00000166990b51e0 nmethod 602 0x00000166800db110 code [0x00000166800db2e0, 0x00000166800db638]
Event: 0.300 Thread 0x00000166990b51e0  598       3       sun.security.util.ObjectIdentifier::checkOtherComponent (41 bytes)
Event: 0.300 Thread 0x00000166990b51e0 nmethod 598 0x00000166800db810 code [0x00000166800dba60, 0x00000166800dc168]
Event: 0.300 Thread 0x00000166990b51e0  603       3       java.lang.invoke.MemberName::flagsMods (73 bytes)
Event: 0.300 Thread 0x00000166990b51e0 nmethod 603 0x00000166800dc490 code [0x00000166800dc620, 0x00000166800dc758]
Event: 0.300 Thread 0x00000166990b51e0  604       3       java.lang.invoke.MemberName::init (67 bytes)
Event: 0.300 Thread 0x00000166990b51e0 nmethod 604 0x00000166800dc810 code [0x00000166800dc9c0, 0x00000166800dcc18]
Event: 0.300 Thread 0x00000166990b51e0  605  s    3       java.io.ByteArrayOutputStream::write (43 bytes)
Event: 0.300 Thread 0x00000166990b51e0 nmethod 605 0x00000166800dcc90 code [0x00000166800dce60, 0x00000166800dd308]
Event: 0.301 Thread 0x00000166990b51e0  606       3       java.nio.MappedByteBuffer::position (8 bytes)
Event: 0.301 Thread 0x00000166990b51e0 nmethod 606 0x00000166800dd510 code [0x00000166800dd6c0, 0x00000166800dd868]
Event: 0.301 Thread 0x00000166990b51e0  607       3       java.nio.ByteBuffer::position (6 bytes)
Event: 0.301 Thread 0x00000166990b51e0 nmethod 607 0x00000166800dd910 code [0x00000166800ddac0, 0x00000166800ddc88]
Event: 0.301 Thread 0x00000166990b51e0  608       3       java.lang.invoke.MemberName::getType (19 bytes)
Event: 0.301 Thread 0x00000166990b51e0 nmethod 608 0x00000166800ddd10 code [0x00000166800ddee0, 0x00000166800de298]
Event: 0.301 Thread 0x00000166990b51e0  610       3       jdk.internal.org.objectweb.asm.ByteVector::enlarge (51 bytes)
Event: 0.301 Thread 0x00000166990b51e0 nmethod 610 0x00000166800de410 code [0x00000166800de5c0, 0x00000166800de8e8]

GC Heap History (0 events):
No events

Dll operation events (1 events):
Event: 0.006 Loaded shared library C:\Program Files\Android\Android Studio\jbr\bin\java.dll

Deoptimization events (0 events):
No events

Classes unloaded (0 events):
No events

Classes redefined (0 events):
No events

Internal exceptions (16 events):
Event: 0.152 Thread 0x00000166f18fb200 Exception <a 'sun/nio/fs/WindowsException'{0x00000006a16ff7f8}> (0x00000006a16ff7f8) 
thrown [s\src\hotspot\share\prims\jni.cpp, line 531]
Event: 0.163 Thread 0x00000166f18fb200 Exception <a 'java/lang/NoSuchMethodError'{0x00000006a172abc0}: 'int java.lang.invoke.DirectMethodHandle$Holder.invokeStaticInit(java.lang.Object, java.lang.Object, java.lang.Object, java.lang.Object)'> (0x00000006a172abc0) 
thrown [s\src\hotspot\share\interpreter\linkResolver.cpp, line 771]
Event: 0.165 Thread 0x00000166f18fb200 Exception <a 'java/lang/NoSuchMethodError'{0x00000006a1735890}: 'java.lang.Object java.lang.invoke.DirectMethodHandle$Holder.invokeInterface(java.lang.Object, java.lang.Object)'> (0x00000006a1735890) 
thrown [s\src\hotspot\share\interpreter\linkResolver.cpp, line 771]
Event: 0.165 Thread 0x00000166f18fb200 Exception <a 'java/lang/IncompatibleClassChangeError'{0x00000006a17391b0}: Found class java.lang.Object, but interface was expected> (0x00000006a17391b0) 
thrown [s\src\hotspot\share\interpreter\linkResolver.cpp, line 838]
Event: 0.165 Thread 0x00000166f18fb200 Exception <a 'java/lang/NoSuchMethodError'{0x00000006a173c560}: 'void java.lang.invoke.DirectMethodHandle$Holder.invokeStatic(java.lang.Object, java.lang.Object)'> (0x00000006a173c560) 
thrown [s\src\hotspot\share\interpreter\linkResolver.cpp, line 771]
Event: 0.165 Thread 0x00000166f18fb200 Exception <a 'java/lang/NoSuchMethodError'{0x00000006a17402b0}: 'void java.lang.invoke.DirectMethodHandle$Holder.invokeStaticInit(java.lang.Object, java.lang.Object)'> (0x00000006a17402b0) 
thrown [s\src\hotspot\share\interpreter\linkResolver.cpp, line 771]
Event: 0.167 Thread 0x00000166f18fb200 Exception <a 'java/lang/NoSuchMethodError'{0x00000006a1746d48}: 'int java.lang.invoke.DirectMethodHandle$Holder.invokeStaticInit(java.lang.Object, java.lang.Object)'> (0x00000006a1746d48) 
thrown [s\src\hotspot\share\interpreter\linkResolver.cpp, line 771]
Event: 0.195 Thread 0x00000166f18fb200 Exception <a 'java/lang/NoSuchMethodError'{0x00000006a102d1c8}: 'java.lang.Object java.lang.invoke.DirectMethodHandle$Holder.invokeStaticInit(java.lang.Object, int, int, int, int)'> (0x00000006a102d1c8) 
thrown [s\src\hotspot\share\interpreter\linkResolver.cpp, line 771]
Event: 0.235 Thread 0x00000166f18fb200 Exception <a 'java/lang/NoSuchMethodError'{0x00000006a1074380}: 'java.lang.Object java.lang.invoke.DirectMethodHandle$Holder.invokeStaticInit(java.lang.Object, java.lang.Object, int, int, int, int)'> (0x00000006a1074380) 
thrown [s\src\hotspot\share\interpreter\linkResolver.cpp, line 771]
Event: 0.242 Thread 0x00000166f18fb200 Exception <a 'java/lang/NoSuchMethodError'{0x00000006a10dcfd8}: 'java.lang.Object java.lang.invoke.DirectMethodHandle$Holder.invokeStatic(java.lang.Object, java.lang.Object, int)'> (0x00000006a10dcfd8) 
thrown [s\src\hotspot\share\interpreter\linkResolver.cpp, line 771]
Event: 0.242 Thread 0x00000166f18fb200 Exception <a 'java/lang/NoSuchMethodError'{0x00000006a10e0750}: 'java.lang.Object java.lang.invoke.DirectMethodHandle$Holder.invokeStaticInit(java.lang.Object, java.lang.Object, int)'> (0x00000006a10e0750) 
thrown [s\src\hotspot\share\interpreter\linkResolver.cpp, line 771]
Event: 0.243 Thread 0x00000166f18fb200 Exception <a 'java/lang/NoSuchMethodError'{0x00000006a10e6b00}: 'java.lang.Object java.lang.invoke.DirectMethodHandle$Holder.newInvokeSpecial(java.lang.Object, java.lang.Object, int)'> (0x00000006a10e6b00) 
thrown [s\src\hotspot\share\interpreter\linkResolver.cpp, line 771]
Event: 0.245 Thread 0x00000166f18fb200 Exception <a 'java/lang/NoSuchMethodError'{0x00000006a10f62b8}: 'int java.lang.invoke.DirectMethodHandle$Holder.invokeStaticInit(java.lang.Object, java.lang.Object, java.lang.Object)'> (0x00000006a10f62b8) 
thrown [s\src\hotspot\share\interpreter\linkResolver.cpp, line 771]
Event: 0.247 Thread 0x00000166f18fb200 Exception <a 'java/lang/NoSuchMethodError'{0x00000006a1106498}: 'int java.lang.invoke.DirectMethodHandle$Holder.invokeSpecial(java.lang.Object, java.lang.Object, java.lang.Object)'> (0x00000006a1106498) 
thrown [s\src\hotspot\share\interpreter\linkResolver.cpp, line 771]
Event: 0.248 Thread 0x00000166f18fb200 Exception <a 'java/lang/NoSuchMethodError'{0x00000006a110e878}: 'int java.lang.invoke.DirectMethodHandle$Holder.invokeSpecialIFC(java.lang.Object, java.lang.Object, java.lang.Object)'> (0x00000006a110e878) 
thrown [s\src\hotspot\share\interpreter\linkResolver.cpp, line 771]
Event: 0.267 Thread 0x00000166f18fb200 Exception <a 'java/lang/NoSuchMethodError'{0x00000006a119a670}: 'java.lang.Object java.lang.invoke.DirectMethodHandle$Holder.invokeStaticInit(java.lang.Object)'> (0x00000006a119a670) 
thrown [s\src\hotspot\share\interpreter\linkResolver.cpp, line 771]

VM Operations (8 events):
Event: 0.082 Executing VM operation: HandshakeAllThreads
Event: 0.082 Executing VM operation: HandshakeAllThreads done
Event: 0.093 Executing VM operation: HandshakeAllThreads
Event: 0.093 Executing VM operation: HandshakeAllThreads done
Event: 0.204 Executing VM operation: HandshakeAllThreads
Event: 0.204 Executing VM operation: HandshakeAllThreads done
Event: 0.269 Executing VM operation: HandshakeAllThreads
Event: 0.269 Executing VM operation: HandshakeAllThreads done

Events (20 events):
Event: 0.298 loading class sun/security/rsa/RSASignature done
Event: 0.298 loading class sun/security/rsa/RSASignature$SHA224withRSA done
Event: 0.298 loading class sun/security/x509/AlgorithmId
Event: 0.298 loading class sun/security/x509/AlgorithmId done
Event: 0.299 loading class sun/security/provider/DSA$SHA224withDSA
Event: 0.299 loading class sun/security/provider/DSA$SHA224withDSA done
Event: 0.299 loading class java/util/concurrent/ConcurrentLinkedQueue
Event: 0.299 loading class java/util/concurrent/ConcurrentLinkedQueue done
Event: 0.299 loading class java/util/concurrent/ConcurrentLinkedQueue$Node
Event: 0.299 loading class java/util/concurrent/ConcurrentLinkedQueue$Node done
Event: 0.300 loading class sun/security/ssl/SessionId
Event: 0.300 loading class sun/security/ssl/SessionId done
Event: 0.300 loading class javax/net/ssl/SSLParameters
Event: 0.300 loading class javax/net/ssl/SSLParameters done
Event: 0.300 loading class sun/security/ssl/SSLConfiguration$1
Event: 0.300 loading class sun/security/ssl/SSLConfiguration$1 done
Event: 0.301 loading class java/util/concurrent/Flow$Subscriber
Event: 0.301 loading class java/util/concurrent/Flow$Subscriber done
Event: 0.301 loading class java/util/concurrent/Flow$Publisher
Event: 0.301 loading class java/util/concurrent/Flow$Publisher done


Dynamic libraries:
0x00007ff60f830000 - 0x00007ff60f83a000 	C:\Program Files\Android\Android Studio\jbr\bin\java.exe
0x00007ffaa3b70000 - 0x00007ffaa3d87000 	C:\Windows\SYSTEM32\ntdll.dll
0x00007ffaa33a0000 - 0x00007ffaa3464000 	C:\Windows\System32\KERNEL32.DLL
0x00007ffaa11f0000 - 0x00007ffaa159d000 	C:\Windows\System32\KERNELBASE.dll
0x00007ffaa0e90000 - 0x00007ffaa0fa1000 	C:\Windows\System32\ucrtbase.dll
0x00007ffa844a0000 - 0x00007ffa844b7000 	C:\Program Files\Android\Android Studio\jbr\bin\jli.dll
0x00007ffa9d3b0000 - 0x00007ffa9d3cb000 	C:\Program Files\Android\Android Studio\jbr\bin\VCRUNTIME140.dll
0x00007ffaa1c50000 - 0x00007ffaa1dfe000 	C:\Windows\System32\USER32.dll
0x00007ffaa1050000 - 0x00007ffaa1076000 	C:\Windows\System32\win32u.dll
0x00007ffaa18a0000 - 0x00007ffaa18c9000 	C:\Windows\System32\GDI32.dll
0x00007ffa8abe0000 - 0x00007ffa8ae73000 	C:\Windows\WinSxS\amd64_microsoft.windows.common-controls_6595b64144ccf1df_6.0.22621.3672_none_2713b9d173822955\COMCTL32.dll
0x00007ffaa1780000 - 0x00007ffaa1899000 	C:\Windows\System32\gdi32full.dll
0x00007ffaa3620000 - 0x00007ffaa36c7000 	C:\Windows\System32\msvcrt.dll
0x00007ffaa0fb0000 - 0x00007ffaa104a000 	C:\Windows\System32\msvcp_win.dll
0x00007ffaa35e0000 - 0x00007ffaa3611000 	C:\Windows\System32\IMM32.DLL
0x00007ffa9d970000 - 0x00007ffa9d97c000 	C:\Program Files\Android\Android Studio\jbr\bin\vcruntime140_1.dll
0x00007ffa86650000 - 0x00007ffa866dd000 	C:\Program Files\Android\Android Studio\jbr\bin\msvcp140.dll
0x00007ffa5b2d0000 - 0x00007ffa5bf53000 	C:\Program Files\Android\Android Studio\jbr\bin\server\jvm.dll
0x00007ffaa18d0000 - 0x00007ffaa1982000 	C:\Windows\System32\ADVAPI32.dll
0x00007ffaa1ee0000 - 0x00007ffaa1f89000 	C:\Windows\System32\sechost.dll
0x00007ffaa1620000 - 0x00007ffaa1648000 	C:\Windows\System32\bcrypt.dll
0x00007ffaa2200000 - 0x00007ffaa2314000 	C:\Windows\System32\RPCRT4.dll
0x00007ffaa0d60000 - 0x00007ffaa0dad000 	C:\Windows\SYSTEM32\POWRPROF.dll
0x00007ffa9c120000 - 0x00007ffa9c154000 	C:\Windows\SYSTEM32\WINMM.dll
0x00007ffa931c0000 - 0x00007ffa931c9000 	C:\Windows\SYSTEM32\WSOCK32.dll
0x00007ffaa3110000 - 0x00007ffaa3181000 	C:\Windows\System32\WS2_32.dll
0x00007ffa9c830000 - 0x00007ffa9c83a000 	C:\Windows\SYSTEM32\VERSION.dll
0x00007ffaa0b90000 - 0x00007ffaa0ba3000 	C:\Windows\SYSTEM32\UMPDC.dll
0x00007ffa9fee0000 - 0x00007ffa9fef8000 	C:\Windows\SYSTEM32\kernel.appcore.dll
0x00007ffa8df90000 - 0x00007ffa8df9a000 	C:\Program Files\Android\Android Studio\jbr\bin\jimage.dll
0x00007ffa9e900000 - 0x00007ffa9eb32000 	C:\Windows\SYSTEM32\DBGHELP.DLL
0x00007ffaa3750000 - 0x00007ffaa3ade000 	C:\Windows\System32\combase.dll
0x00007ffaa1e00000 - 0x00007ffaa1ed7000 	C:\Windows\System32\OLEAUT32.dll
0x00007ffa91010000 - 0x00007ffa91042000 	C:\Windows\SYSTEM32\dbgcore.DLL
0x00007ffaa15a0000 - 0x00007ffaa161b000 	C:\Windows\System32\bcryptPrimitives.dll
0x00007ffa87360000 - 0x00007ffa87385000 	C:\Program Files\Android\Android Studio\jbr\bin\java.dll
0x00007ffa88490000 - 0x00007ffa884a8000 	C:\Program Files\Android\Android Studio\jbr\bin\zip.dll
0x00007ffaa2420000 - 0x00007ffaa2c87000 	C:\Windows\System32\SHELL32.dll
0x00007ffa9ee10000 - 0x00007ffa9f70f000 	C:\Windows\SYSTEM32\windows.storage.dll
0x00007ffa9ecd0000 - 0x00007ffa9ee0f000 	C:\Windows\SYSTEM32\wintypes.dll
0x00007ffaa31a0000 - 0x00007ffaa3299000 	C:\Windows\System32\SHCORE.dll
0x00007ffaa36f0000 - 0x00007ffaa374e000 	C:\Windows\System32\shlwapi.dll
0x00007ffaa0dc0000 - 0x00007ffaa0de7000 	C:\Windows\SYSTEM32\profapi.dll
0x00007ffa86720000 - 0x00007ffa86739000 	C:\Program Files\Android\Android Studio\jbr\bin\net.dll
0x00007ffa9b450000 - 0x00007ffa9b586000 	C:\Windows\SYSTEM32\WINHTTP.dll
0x00007ffaa0350000 - 0x00007ffaa03b9000 	C:\Windows\system32\mswsock.dll
0x00007ffa86700000 - 0x00007ffa86716000 	C:\Program Files\Android\Android Studio\jbr\bin\nio.dll
0x00007ffaa05b0000 - 0x00007ffaa05cb000 	C:\Windows\SYSTEM32\CRYPTSP.dll
0x00007ffa9fe40000 - 0x00007ffa9fe75000 	C:\Windows\system32\rsaenh.dll
0x00007ffaa0440000 - 0x00007ffaa0468000 	C:\Windows\SYSTEM32\USERENV.dll
0x00007ffaa05a0000 - 0x00007ffaa05ac000 	C:\Windows\SYSTEM32\CRYPTBASE.dll
0x00007ffa9f9b0000 - 0x00007ffa9f9dd000 	C:\Windows\SYSTEM32\IPHLPAPI.DLL
0x00007ffaa3190000 - 0x00007ffaa3199000 	C:\Windows\System32\NSI.dll
0x00007ffa9abb0000 - 0x00007ffa9abc9000 	C:\Windows\SYSTEM32\dhcpcsvc6.DLL
0x00007ffa9aae0000 - 0x00007ffa9aaff000 	C:\Windows\SYSTEM32\dhcpcsvc.DLL
0x00007ffa9f9e0000 - 0x00007ffa9fad8000 	C:\Windows\SYSTEM32\DNSAPI.dll

dbghelp: loaded successfully - version: 4.0.5 - missing functions: none
symbol engine: initialized successfully - sym options: 0x614 - pdb path: .;C:\Program Files\Android\Android Studio\jbr\bin;C:\Windows\SYSTEM32;C:\Windows\WinSxS\amd64_microsoft.windows.common-controls_6595b64144ccf1df_6.0.22621.3672_none_2713b9d173822955;C:\Program Files\Android\Android Studio\jbr\bin\server

VM Arguments:
java_command: git4idea.http.GitAskPassApp Username for 'https://github.com': 
java_class_path (initial): C:/Program Files/Android/Android Studio/plugins/vcs-git/lib/git4idea-rt.jar;C:/Program Files/Android/Android Studio/lib/externalProcess-rt.jar
Launcher Type: SUN_STANDARD

[Global flags]
     intx CICompilerCount                          = 4                                         {product} {ergonomic}
     uint ConcGCThreads                            = 3                                         {product} {ergonomic}
     uint G1ConcRefinementThreads                  = 10                                        {product} {ergonomic}
   size_t G1HeapRegionSize                         = 4194304                                   {product} {ergonomic}
    uintx GCDrainStackTargetSize                   = 64                                        {product} {ergonomic}
   size_t InitialHeapSize                          = 394264576                                 {product} {ergonomic}
   size_t MarkStackSize                            = 4194304                                   {product} {ergonomic}
   size_t MaxHeapSize                              = 6274678784                                {product} {ergonomic}
   size_t MaxNewSize                               = 3762290688                                {product} {ergonomic}
   size_t MinHeapDeltaBytes                        = 4194304                                   {product} {ergonomic}
   size_t MinHeapSize                              = 8388608                                   {product} {ergonomic}
    uintx NonNMethodCodeHeapSize                   = 5839372                                {pd product} {ergonomic}
    uintx NonProfiledCodeHeapSize                  = 122909434                              {pd product} {ergonomic}
    uintx ProfiledCodeHeapSize                     = 122909434                              {pd product} {ergonomic}
    uintx ReservedCodeCacheSize                    = 251658240                              {pd product} {ergonomic}
     bool SegmentedCodeCache                       = true                                      {product} {ergonomic}
   size_t SoftMaxHeapSize                          = 6274678784                             {manageable} {ergonomic}
     bool UseCompressedClassPointers               = true                           {product lp64_product} {ergonomic}
     bool UseCompressedOops                        = true                           {product lp64_product} {ergonomic}
     bool UseG1GC                                  = true                                      {product} {ergonomic}
     bool UseLargePagesIndividualAllocation        = false                                  {pd product} {ergonomic}

Logging:
Log output configuration:
 #0: stdout all=warning uptime,level,tags
 #1: stderr all=off uptime,level,tags

Environment Variables:
JAVA_HOME=C:\Program Files\Java\jdk-17
PATH=C:\Program Files\Git\mingw64\libexec\git-core;C:\Program Files\Git\mingw64\libexec\git-core;C:\Program Files\Git\mingw64\bin;C:\Program Files\Git\usr\bin;C:\Users\mahar\bin;C:\Program Files\Common Files\Oracle\Java\javapath;C:\Windows\system32;C:\Windows;C:\Windows\System32\Wbem;C:\Windows\System32\WindowsPowerShell\v1.0;C:\Windows\System32\OpenSSH;C:\Program Files\Java\jdk-17\bin;C:\Program Files\Android\Android Studio\jre;C:\Program Files\platform-tools;C:\Users\mahar\AppData\Local\Microsoft\WindowsApps;C:\Users\mahar\AppData\Local\Programs\Microsoft VS Code\bin;C:\platform-tools;C:\flutter\bin;C:\Users\mahar\AppData\Local\GitHubDesktop\bin;C:\adb;C:\Program Files\Git\cmd;C:\flutter\bin\cache\dart-sdk;C:\Program Files\platform-tools;C:\Users\mahar\AppData\Local\Microsoft\WindowsApps;C:\Users\mahar\AppData\Local\Programs\Microsoft VS Code\bin;C:\platform-tools;C:\flutter\bin;C:\Program Files\Android\Android Studio\jre;C:\Program Files\Java\jdk-17\bin;C:\flutter\bin\cache\dart-sdk
USERNAME=mahar
DISPLAY=:0.0
LC_ALL=en_US.UTF-8
TERM=xterm-256color
TMPDIR=C:\Users\mahar\AppData\Local\Temp
OS=Windows_NT
PROCESSOR_IDENTIFIER=AMD64 Family 23 Model 96 Stepping 1, AuthenticAMD
TMP=C:\Users\mahar\AppData\Local\Temp
TEMP=C:\Users\mahar\AppData\Local\Temp



Periodic native trim disabled

JNI global refs:
JNI global refs: 18, weak refs: 0

JNI global refs memory usage: 843, weak refs: 209

Process memory usage:
Resident Set Size: 55860K (0% of 24507716K total physical memory with 4785828K free physical memory)

OOME stack traces (most recent first):
Classloader memory used:
Loader bootstrap                                                                       : 1471K
Loader jdk.internal.loader.ClassLoaders$PlatformClassLoader                            : 60476B
Loader jdk.internal.loader.ClassLoaders$AppClassLoader                                 : 1808B


---------------  S Y S T E M  ---------------

OS:
 Windows 11 , 64 bit Build 22621 (10.0.22621.3958)
OS uptime: 4 days 4:04 hours

CPU: total 12 (initial active 12) (12 cores per cpu, 2 threads per core) family 23 model 96 stepping 1 microcode 0x0, cx8, cmov, fxsr, ht, mmx, 3dnowpref, sse, sse2, sse3, ssse3, sse4a, sse4.1, sse4.2, popcnt, lzcnt, tsc, tscinvbit, avx, avx2, aes, clmul, bmi1, bmi2, adx, sha, fma, vzeroupper, clflush, clflushopt
Processor Information for all 12 processors :
  Max Mhz: 3000, Current Mhz: 3000, Mhz Limit: 3000

Memory: 4k page, system-wide physical 23933M (4673M free)
TotalPageFile size 23933M (AvailPageFile size 5M)
current process WorkingSet (physical memory assigned to process): 54M, peak: 54M
current process commit charge ("private bytes"): 477M, peak: 478M

vm_info: OpenJDK 64-Bit Server VM (17.0.11+0--11852314) for windows-amd64 JRE (17.0.11+0--11852314), built on May 16 2024 21:29:20 by "androidbuild" with MS VC++ 16.10 / 16.11 (VS2019)

END.
